<?xml version="1.0" encoding="UTF-8"?>
<testsuite xmlns:xsi="http://www.w3.org/2001/XMLSchema-instance" xsi:noNamespaceSchemaLocation="https://maven.apache.org/surefire/maven-surefire-plugin/xsd/surefire-test-report.xsd" name="TestSuite" time="580.893" tests="1" errors="0" skipped="0" failures="0">
  <properties>
    <property name="sun.desktop" value="windows"/>
    <property name="awt.toolkit" value="sun.awt.windows.WToolkit"/>
    <property name="file.encoding.pkg" value="sun.io"/>
    <property name="java.specification.version" value="1.8"/>
    <property name="sun.cpu.isalist" value="amd64"/>
    <property name="sun.jnu.encoding" value="Cp1252"/>
    <property name="java.class.path" value="E:\Sunnet_svn\trunk\test\SunnetiTOA\target\test-classes;E:\Sunnet_svn\trunk\test\SunnetiTOA\target\classes;C:\Users\sunilkumar.a\.m2\repository\com\google\guava\guava\28.0-jre\guava-28.0-jre.jar;C:\Users\sunilkumar.a\.m2\repository\com\google\guava\failureaccess\1.0.1\failureaccess-1.0.1.jar;C:\Users\sunilkumar.a\.m2\repository\com\google\guava\listenablefuture\9999.0-empty-to-avoid-conflict-with-guava\listenablefuture-9999.0-empty-to-avoid-conflict-with-guava.jar;C:\Users\sunilkumar.a\.m2\repository\com\google\code\findbugs\jsr305\3.0.2\jsr305-3.0.2.jar;C:\Users\sunilkumar.a\.m2\repository\org\checkerframework\checker-qual\2.8.1\checker-qual-2.8.1.jar;C:\Users\sunilkumar.a\.m2\repository\com\google\errorprone\error_prone_annotations\2.3.2\error_prone_annotations-2.3.2.jar;C:\Users\sunilkumar.a\.m2\repository\com\google\j2objc\j2objc-annotations\1.3\j2objc-annotations-1.3.jar;C:\Users\sunilkumar.a\.m2\repository\org\codehaus\mojo\animal-sniffer-annotations\1.17\animal-sniffer-annotations-1.17.jar;C:\Users\sunilkumar.a\.m2\repository\org\seleniumhq\selenium\selenium-java\3.13.0\selenium-java-3.13.0.jar;C:\Users\sunilkumar.a\.m2\repository\org\seleniumhq\selenium\selenium-api\3.13.0\selenium-api-3.13.0.jar;C:\Users\sunilkumar.a\.m2\repository\org\seleniumhq\selenium\selenium-opera-driver\3.13.0\selenium-opera-driver-3.13.0.jar;C:\Users\sunilkumar.a\.m2\repository\org\seleniumhq\selenium\selenium-remote-driver\3.13.0\selenium-remote-driver-3.13.0.jar;C:\Users\sunilkumar.a\.m2\repository\org\seleniumhq\selenium\selenium-safari-driver\3.13.0\selenium-safari-driver-3.13.0.jar;C:\Users\sunilkumar.a\.m2\repository\org\seleniumhq\selenium\selenium-support\3.13.0\selenium-support-3.13.0.jar;C:\Users\sunilkumar.a\.m2\repository\net\bytebuddy\byte-buddy\1.8.3\byte-buddy-1.8.3.jar;C:\Users\sunilkumar.a\.m2\repository\commons-codec\commons-codec\1.10\commons-codec-1.10.jar;C:\Users\sunilkumar.a\.m2\repository\com\google\code\gson\gson\2.8.4\gson-2.8.4.jar;C:\Users\sunilkumar.a\.m2\repository\org\apache\httpcomponents\httpclient\4.5.5\httpclient-4.5.5.jar;C:\Users\sunilkumar.a\.m2\repository\org\apache\httpcomponents\httpcore\4.4.9\httpcore-4.4.9.jar;C:\Users\sunilkumar.a\.m2\repository\com\squareup\okhttp3\okhttp\3.10.0\okhttp-3.10.0.jar;C:\Users\sunilkumar.a\.m2\repository\com\squareup\okio\okio\1.14.1\okio-1.14.1.jar;C:\Users\sunilkumar.a\.m2\repository\org\seleniumhq\selenium\selenium-server\3.13.0\selenium-server-3.13.0.jar;C:\Users\sunilkumar.a\.m2\repository\org\apache\commons\commons-lang3\3.7\commons-lang3-3.7.jar;C:\Users\sunilkumar.a\.m2\repository\org\apache\commons\commons-text\1.1\commons-text-1.1.jar;C:\Users\sunilkumar.a\.m2\repository\commons-io\commons-io\2.6\commons-io-2.6.jar;C:\Users\sunilkumar.a\.m2\repository\commons-net\commons-net\3.6\commons-net-3.6.jar;C:\Users\sunilkumar.a\.m2\repository\net\sourceforge\htmlunit\htmlunit\2.30\htmlunit-2.30.jar;C:\Users\sunilkumar.a\.m2\repository\net\sourceforge\htmlunit\htmlunit-core-js\2.28\htmlunit-core-js-2.28.jar;C:\Users\sunilkumar.a\.m2\repository\net\sourceforge\htmlunit\htmlunit-cssparser\1.0.0\htmlunit-cssparser-1.0.0.jar;C:\Users\sunilkumar.a\.m2\repository\net\sourceforge\htmlunit\neko-htmlunit\2.30\neko-htmlunit-2.30.jar;C:\Users\sunilkumar.a\.m2\repository\org\apache\httpcomponents\httpmime\4.5.5\httpmime-4.5.5.jar;C:\Users\sunilkumar.a\.m2\repository\net\jcip\jcip-annotations\1.0\jcip-annotations-1.0.jar;C:\Users\sunilkumar.a\.m2\repository\org\seleniumhq\selenium\jetty-repacked\9.4.7.v20171121\jetty-repacked-9.4.7.v20171121.jar;C:\Users\sunilkumar.a\.m2\repository\org\eclipse\jetty\jetty-client\9.4.7.v20170914\jetty-client-9.4.7.v20170914.jar;C:\Users\sunilkumar.a\.m2\repository\org\eclipse\jetty\jetty-http\9.4.8.v20171121\jetty-http-9.4.8.v20171121.jar;C:\Users\sunilkumar.a\.m2\repository\org\eclipse\jetty\jetty-io\9.4.8.v20171121\jetty-io-9.4.8.v20171121.jar;C:\Users\sunilkumar.a\.m2\repository\org\eclipse\jetty\jetty-util\9.4.8.v20171121\jetty-util-9.4.8.v20171121.jar;C:\Users\sunilkumar.a\.m2\repository\org\eclipse\jetty\jetty-xml\9.4.7.v20170914\jetty-xml-9.4.7.v20170914.jar;C:\Users\sunilkumar.a\.m2\repository\org\seleniumhq\selenium\htmlunit-driver\2.30.0\htmlunit-driver-2.30.0.jar;C:\Users\sunilkumar.a\.m2\repository\javax\servlet\javax.servlet-api\3.1.0\javax.servlet-api-3.1.0.jar;C:\Users\sunilkumar.a\.m2\repository\org\eclipse\jetty\websocket\websocket-api\9.4.7.v20170914\websocket-api-9.4.7.v20170914.jar;C:\Users\sunilkumar.a\.m2\repository\org\eclipse\jetty\websocket\websocket-client\9.4.7.v20170914\websocket-client-9.4.7.v20170914.jar;C:\Users\sunilkumar.a\.m2\repository\org\eclipse\jetty\websocket\websocket-common\9.4.7.v20170914\websocket-common-9.4.7.v20170914.jar;C:\Users\sunilkumar.a\.m2\repository\xalan\serializer\2.7.2\serializer-2.7.2.jar;C:\Users\sunilkumar.a\.m2\repository\xalan\xalan\2.7.2\xalan-2.7.2.jar;C:\Users\sunilkumar.a\.m2\repository\xerces\xercesImpl\2.11.0\xercesImpl-2.11.0.jar;C:\Users\sunilkumar.a\.m2\repository\xml-apis\xml-apis\1.4.01\xml-apis-1.4.01.jar;C:\Users\sunilkumar.a\.m2\repository\org\yaml\snakeyaml\1.19\snakeyaml-1.19.jar;C:\Users\sunilkumar.a\.m2\repository\net\lightbody\bmp\browsermob-core\2.1.4\browsermob-core-2.1.4.jar;C:\Users\sunilkumar.a\.m2\repository\net\lightbody\bmp\littleproxy\1.1.0-beta-bmp-15\littleproxy-1.1.0-beta-bmp-15.jar;C:\Users\sunilkumar.a\.m2\repository\com\fasterxml\jackson\core\jackson-core\2.8.5\jackson-core-2.8.5.jar;C:\Users\sunilkumar.a\.m2\repository\com\fasterxml\jackson\core\jackson-databind\2.8.5\jackson-databind-2.8.5.jar;C:\Users\sunilkumar.a\.m2\repository\com\fasterxml\jackson\core\jackson-annotations\2.8.5\jackson-annotations-2.8.5.jar;C:\Users\sunilkumar.a\.m2\repository\dnsjava\dnsjava\2.1.7\dnsjava-2.1.7.jar;C:\Users\sunilkumar.a\.m2\repository\org\slf4j\slf4j-api\1.7.22\slf4j-api-1.7.22.jar;C:\Users\sunilkumar.a\.m2\repository\org\slf4j\jcl-over-slf4j\1.7.22\jcl-over-slf4j-1.7.22.jar;C:\Users\sunilkumar.a\.m2\repository\com\jcraft\jzlib\1.1.3\jzlib-1.1.3.jar;C:\Users\sunilkumar.a\.m2\repository\io\netty\netty-all\4.0.42.Final\netty-all-4.0.42.Final.jar;C:\Users\sunilkumar.a\.m2\repository\org\bouncycastle\bcprov-jdk15on\1.56\bcprov-jdk15on-1.56.jar;C:\Users\sunilkumar.a\.m2\repository\org\bouncycastle\bcpkix-jdk15on\1.56\bcpkix-jdk15on-1.56.jar;C:\Users\sunilkumar.a\.m2\repository\net\lightbody\bmp\mitm\2.1.4\mitm-2.1.4.jar;C:\Users\sunilkumar.a\.m2\repository\com\browserstack\browserstack-local-java\1.0.2\browserstack-local-java-1.0.2.jar;C:\Users\sunilkumar.a\.m2\repository\org\json\json\20160212\json-20160212.jar;C:\Users\sunilkumar.a\.m2\repository\com\opera\operadriver\1.5\operadriver-1.5.jar;C:\Users\sunilkumar.a\.m2\repository\com\opera\operalaunchers\1.1\operalaunchers-1.1.jar;C:\Users\sunilkumar.a\.m2\repository\com\google\protobuf\protobuf-java\2.4.1\protobuf-java-2.4.1.jar;C:\Users\sunilkumar.a\.m2\repository\commons-jxpath\commons-jxpath\1.3\commons-jxpath-1.3.jar;C:\Users\sunilkumar.a\.m2\repository\org\ini4j\ini4j\0.5.2\ini4j-0.5.2.jar;C:\Users\sunilkumar.a\.m2\repository\org\apache\commons\commons-exec\1.3\commons-exec-1.3.jar;C:\Users\sunilkumar.a\.m2\repository\ru\yandex\qatools\ashot\ashot\1.5.4\ashot-1.5.4.jar;C:\Users\sunilkumar.a\.m2\repository\org\hamcrest\hamcrest-core\1.3\hamcrest-core-1.3.jar;C:\Users\sunilkumar.a\.m2\repository\org\seleniumhq\selenium\selenium-htmlunit-driver\2.52.0\selenium-htmlunit-driver-2.52.0.jar;C:\Users\sunilkumar.a\.m2\repository\commons-collections\commons-collections\3.2.2\commons-collections-3.2.2.jar;C:\Users\sunilkumar.a\.m2\repository\io\github\bonigarcia\webdrivermanager\1.5.0\webdrivermanager-1.5.0.jar;C:\Users\sunilkumar.a\.m2\repository\com\typesafe\config\1.2.1\config-1.2.1.jar;C:\Users\sunilkumar.a\.m2\repository\org\rauschig\jarchivelib\0.7.1\jarchivelib-0.7.1.jar;C:\Users\sunilkumar.a\.m2\repository\org\apache\commons\commons-compress\1.9\commons-compress-1.9.jar;C:\Users\sunilkumar.a\.m2\repository\org\jsoup\jsoup\1.9.2\jsoup-1.9.2.jar;C:\Users\sunilkumar.a\.m2\repository\commons-logging\commons-logging\1.2\commons-logging-1.2.jar;C:\Users\sunilkumar.a\.m2\repository\org\testng\testng\6.14.3\testng-6.14.3.jar;C:\Users\sunilkumar.a\.m2\repository\org\apache-extras\beanshell\bsh\2.0b6\bsh-2.0b6.jar;C:\Users\sunilkumar.a\.m2\repository\com\relevantcodes\extentreports\2.41.2\extentreports-2.41.2.jar;C:\Users\sunilkumar.a\.m2\repository\org\xerial\sqlite-jdbc\3.8.11.1\sqlite-jdbc-3.8.11.1.jar;C:\Users\sunilkumar.a\.m2\repository\org\freemarker\freemarker\2.3.23\freemarker-2.3.23.jar;C:\Users\sunilkumar.a\.m2\repository\org\mongodb\mongodb-driver\3.0.4\mongodb-driver-3.0.4.jar;C:\Users\sunilkumar.a\.m2\repository\org\mongodb\bson\3.0.4\bson-3.0.4.jar;C:\Users\sunilkumar.a\.m2\repository\org\mongodb\mongodb-driver-core\3.0.4\mongodb-driver-core-3.0.4.jar;C:\Users\sunilkumar.a\.m2\repository\com\beust\jcommander\1.48\jcommander-1.48.jar;C:\Users\sunilkumar.a\.m2\repository\net\sourceforge\csvjdbc\csvjdbc\1.0.28\csvjdbc-1.0.28.jar;C:\Users\sunilkumar.a\.m2\repository\org\seleniumhq\selenium\selenium-firefox-driver\3.13.0\selenium-firefox-driver-3.13.0.jar;C:\Users\sunilkumar.a\.m2\repository\org\seleniumhq\selenium\selenium-edge-driver\3.6.0\selenium-edge-driver-3.6.0.jar;C:\Users\sunilkumar.a\.m2\repository\net\java\dev\jna\jna\4.1.0\jna-4.1.0.jar;C:\Users\sunilkumar.a\.m2\repository\net\java\dev\jna\jna-platform\4.1.0\jna-platform-4.1.0.jar;C:\Users\sunilkumar.a\.m2\repository\org\seleniumhq\selenium\selenium-ie-driver\3.11.0\selenium-ie-driver-3.11.0.jar;C:\Users\sunilkumar.a\.m2\repository\org\seleniumhq\selenium\selenium-chrome-driver\3.13.0\selenium-chrome-driver-3.13.0.jar;C:\Users\sunilkumar.a\.m2\repository\log4j\log4j\1.2.17\log4j-1.2.17.jar;C:\Users\sunilkumar.a\.m2\repository\org\uncommons\reportng\1.1.4\reportng-1.1.4.jar;C:\Users\sunilkumar.a\.m2\repository\velocity\velocity\1.4\velocity-1.4.jar;C:\Users\sunilkumar.a\.m2\repository\velocity\velocity-dep\1.4\velocity-dep-1.4.jar;C:\Users\sunilkumar.a\.m2\repository\com\google\inject\guice\4.1.0\guice-4.1.0.jar;C:\Users\sunilkumar.a\.m2\repository\javax\inject\javax.inject\1\javax.inject-1.jar;C:\Users\sunilkumar.a\.m2\repository\aopalliance\aopalliance\1.0\aopalliance-1.0.jar;C:\Users\sunilkumar.a\.m2\repository\com\googlecode\json-simple\json-simple\1.1\json-simple-1.1.jar;C:\Users\sunilkumar.a\.m2\repository\net\sourceforge\jexcelapi\jxl\2.6.12\jxl-2.6.12.jar;C:\Users\sunilkumar.a\.m2\repository\com\jcraft\jsch\0.1.44-1\jsch-0.1.44-1.jar;C:\Users\sunilkumar.a\.m2\repository\mysql\mysql-connector-java\6.0.5\mysql-connector-java-6.0.5.jar;C:\Users\sunilkumar.a\.m2\repository\org\apache\poi\poi\3.16\poi-3.16.jar;C:\Users\sunilkumar.a\.m2\repository\org\apache\commons\commons-collections4\4.1\commons-collections4-4.1.jar;C:\Users\sunilkumar.a\.m2\repository\org\apache\poi\poi-ooxml\3.15\poi-ooxml-3.15.jar;C:\Users\sunilkumar.a\.m2\repository\org\apache\poi\poi-ooxml-schemas\3.15\poi-ooxml-schemas-3.15.jar;C:\Users\sunilkumar.a\.m2\repository\org\apache\xmlbeans\xmlbeans\2.6.0\xmlbeans-2.6.0.jar;C:\Users\sunilkumar.a\.m2\repository\stax\stax-api\1.0.1\stax-api-1.0.1.jar;C:\Users\sunilkumar.a\.m2\repository\com\github\virtuald\curvesapi\1.04\curvesapi-1.04.jar;C:\Users\sunilkumar.a\.m2\repository\com\codoid\products\fillo\1.15\fillo-1.15.jar;C:\Users\sunilkumar.a\.m2\repository\org\apache\maven\surefire\surefire-testng-utils\2.21.0\surefire-testng-utils-2.21.0.jar;C:\Users\sunilkumar.a\.m2\repository\org\apache\maven\surefire\surefire-grouper\2.21.0\surefire-grouper-2.21.0.jar;"/>
    <property name="java.vm.vendor" value="Oracle Corporation"/>
    <property name="sun.arch.data.model" value="64"/>
    <property name="user.variant" value=""/>
    <property name="java.vendor.url" value="http://java.oracle.com/"/>
    <property name="user.timezone" value=""/>
    <property name="java.vm.specification.version" value="1.8"/>
    <property name="os.name" value="Windows 10"/>
    <property name="user.country" value="US"/>
    <property name="sun.java.launcher" value="SUN_STANDARD"/>
    <property name="sun.boot.library.path" value="C:\Program Files\Java\jdk1.8.0_211\jre\bin"/>
    <property name="sun.java.command" value="C:\Users\SUNILK~1.A\AppData\Local\Temp\surefire3993227460530032025\surefirebooter7421488028689839174.jar C:\Users\sunilkumar.a\AppData\Local\Temp\surefire3993227460530032025 2019-10-24T21-37-28_537-jvmRun1 surefire4748972799742408009tmp surefire_08724339139713104291tmp"/>
    <property name="surefire.test.class.path" value="E:\Sunnet_svn\trunk\test\SunnetiTOA\target\test-classes;E:\Sunnet_svn\trunk\test\SunnetiTOA\target\classes;C:\Users\sunilkumar.a\.m2\repository\com\google\guava\guava\28.0-jre\guava-28.0-jre.jar;C:\Users\sunilkumar.a\.m2\repository\com\google\guava\failureaccess\1.0.1\failureaccess-1.0.1.jar;C:\Users\sunilkumar.a\.m2\repository\com\google\guava\listenablefuture\9999.0-empty-to-avoid-conflict-with-guava\listenablefuture-9999.0-empty-to-avoid-conflict-with-guava.jar;C:\Users\sunilkumar.a\.m2\repository\com\google\code\findbugs\jsr305\3.0.2\jsr305-3.0.2.jar;C:\Users\sunilkumar.a\.m2\repository\org\checkerframework\checker-qual\2.8.1\checker-qual-2.8.1.jar;C:\Users\sunilkumar.a\.m2\repository\com\google\errorprone\error_prone_annotations\2.3.2\error_prone_annotations-2.3.2.jar;C:\Users\sunilkumar.a\.m2\repository\com\google\j2objc\j2objc-annotations\1.3\j2objc-annotations-1.3.jar;C:\Users\sunilkumar.a\.m2\repository\org\codehaus\mojo\animal-sniffer-annotations\1.17\animal-sniffer-annotations-1.17.jar;C:\Users\sunilkumar.a\.m2\repository\org\seleniumhq\selenium\selenium-java\3.13.0\selenium-java-3.13.0.jar;C:\Users\sunilkumar.a\.m2\repository\org\seleniumhq\selenium\selenium-api\3.13.0\selenium-api-3.13.0.jar;C:\Users\sunilkumar.a\.m2\repository\org\seleniumhq\selenium\selenium-opera-driver\3.13.0\selenium-opera-driver-3.13.0.jar;C:\Users\sunilkumar.a\.m2\repository\org\seleniumhq\selenium\selenium-remote-driver\3.13.0\selenium-remote-driver-3.13.0.jar;C:\Users\sunilkumar.a\.m2\repository\org\seleniumhq\selenium\selenium-safari-driver\3.13.0\selenium-safari-driver-3.13.0.jar;C:\Users\sunilkumar.a\.m2\repository\org\seleniumhq\selenium\selenium-support\3.13.0\selenium-support-3.13.0.jar;C:\Users\sunilkumar.a\.m2\repository\net\bytebuddy\byte-buddy\1.8.3\byte-buddy-1.8.3.jar;C:\Users\sunilkumar.a\.m2\repository\commons-codec\commons-codec\1.10\commons-codec-1.10.jar;C:\Users\sunilkumar.a\.m2\repository\com\google\code\gson\gson\2.8.4\gson-2.8.4.jar;C:\Users\sunilkumar.a\.m2\repository\org\apache\httpcomponents\httpclient\4.5.5\httpclient-4.5.5.jar;C:\Users\sunilkumar.a\.m2\repository\org\apache\httpcomponents\httpcore\4.4.9\httpcore-4.4.9.jar;C:\Users\sunilkumar.a\.m2\repository\com\squareup\okhttp3\okhttp\3.10.0\okhttp-3.10.0.jar;C:\Users\sunilkumar.a\.m2\repository\com\squareup\okio\okio\1.14.1\okio-1.14.1.jar;C:\Users\sunilkumar.a\.m2\repository\org\seleniumhq\selenium\selenium-server\3.13.0\selenium-server-3.13.0.jar;C:\Users\sunilkumar.a\.m2\repository\org\apache\commons\commons-lang3\3.7\commons-lang3-3.7.jar;C:\Users\sunilkumar.a\.m2\repository\org\apache\commons\commons-text\1.1\commons-text-1.1.jar;C:\Users\sunilkumar.a\.m2\repository\commons-io\commons-io\2.6\commons-io-2.6.jar;C:\Users\sunilkumar.a\.m2\repository\commons-net\commons-net\3.6\commons-net-3.6.jar;C:\Users\sunilkumar.a\.m2\repository\net\sourceforge\htmlunit\htmlunit\2.30\htmlunit-2.30.jar;C:\Users\sunilkumar.a\.m2\repository\net\sourceforge\htmlunit\htmlunit-core-js\2.28\htmlunit-core-js-2.28.jar;C:\Users\sunilkumar.a\.m2\repository\net\sourceforge\htmlunit\htmlunit-cssparser\1.0.0\htmlunit-cssparser-1.0.0.jar;C:\Users\sunilkumar.a\.m2\repository\net\sourceforge\htmlunit\neko-htmlunit\2.30\neko-htmlunit-2.30.jar;C:\Users\sunilkumar.a\.m2\repository\org\apache\httpcomponents\httpmime\4.5.5\httpmime-4.5.5.jar;C:\Users\sunilkumar.a\.m2\repository\net\jcip\jcip-annotations\1.0\jcip-annotations-1.0.jar;C:\Users\sunilkumar.a\.m2\repository\org\seleniumhq\selenium\jetty-repacked\9.4.7.v20171121\jetty-repacked-9.4.7.v20171121.jar;C:\Users\sunilkumar.a\.m2\repository\org\eclipse\jetty\jetty-client\9.4.7.v20170914\jetty-client-9.4.7.v20170914.jar;C:\Users\sunilkumar.a\.m2\repository\org\eclipse\jetty\jetty-http\9.4.8.v20171121\jetty-http-9.4.8.v20171121.jar;C:\Users\sunilkumar.a\.m2\repository\org\eclipse\jetty\jetty-io\9.4.8.v20171121\jetty-io-9.4.8.v20171121.jar;C:\Users\sunilkumar.a\.m2\repository\org\eclipse\jetty\jetty-util\9.4.8.v20171121\jetty-util-9.4.8.v20171121.jar;C:\Users\sunilkumar.a\.m2\repository\org\eclipse\jetty\jetty-xml\9.4.7.v20170914\jetty-xml-9.4.7.v20170914.jar;C:\Users\sunilkumar.a\.m2\repository\org\seleniumhq\selenium\htmlunit-driver\2.30.0\htmlunit-driver-2.30.0.jar;C:\Users\sunilkumar.a\.m2\repository\javax\servlet\javax.servlet-api\3.1.0\javax.servlet-api-3.1.0.jar;C:\Users\sunilkumar.a\.m2\repository\org\eclipse\jetty\websocket\websocket-api\9.4.7.v20170914\websocket-api-9.4.7.v20170914.jar;C:\Users\sunilkumar.a\.m2\repository\org\eclipse\jetty\websocket\websocket-client\9.4.7.v20170914\websocket-client-9.4.7.v20170914.jar;C:\Users\sunilkumar.a\.m2\repository\org\eclipse\jetty\websocket\websocket-common\9.4.7.v20170914\websocket-common-9.4.7.v20170914.jar;C:\Users\sunilkumar.a\.m2\repository\xalan\serializer\2.7.2\serializer-2.7.2.jar;C:\Users\sunilkumar.a\.m2\repository\xalan\xalan\2.7.2\xalan-2.7.2.jar;C:\Users\sunilkumar.a\.m2\repository\xerces\xercesImpl\2.11.0\xercesImpl-2.11.0.jar;C:\Users\sunilkumar.a\.m2\repository\xml-apis\xml-apis\1.4.01\xml-apis-1.4.01.jar;C:\Users\sunilkumar.a\.m2\repository\org\yaml\snakeyaml\1.19\snakeyaml-1.19.jar;C:\Users\sunilkumar.a\.m2\repository\net\lightbody\bmp\browsermob-core\2.1.4\browsermob-core-2.1.4.jar;C:\Users\sunilkumar.a\.m2\repository\net\lightbody\bmp\littleproxy\1.1.0-beta-bmp-15\littleproxy-1.1.0-beta-bmp-15.jar;C:\Users\sunilkumar.a\.m2\repository\com\fasterxml\jackson\core\jackson-core\2.8.5\jackson-core-2.8.5.jar;C:\Users\sunilkumar.a\.m2\repository\com\fasterxml\jackson\core\jackson-databind\2.8.5\jackson-databind-2.8.5.jar;C:\Users\sunilkumar.a\.m2\repository\com\fasterxml\jackson\core\jackson-annotations\2.8.5\jackson-annotations-2.8.5.jar;C:\Users\sunilkumar.a\.m2\repository\dnsjava\dnsjava\2.1.7\dnsjava-2.1.7.jar;C:\Users\sunilkumar.a\.m2\repository\org\slf4j\slf4j-api\1.7.22\slf4j-api-1.7.22.jar;C:\Users\sunilkumar.a\.m2\repository\org\slf4j\jcl-over-slf4j\1.7.22\jcl-over-slf4j-1.7.22.jar;C:\Users\sunilkumar.a\.m2\repository\com\jcraft\jzlib\1.1.3\jzlib-1.1.3.jar;C:\Users\sunilkumar.a\.m2\repository\io\netty\netty-all\4.0.42.Final\netty-all-4.0.42.Final.jar;C:\Users\sunilkumar.a\.m2\repository\org\bouncycastle\bcprov-jdk15on\1.56\bcprov-jdk15on-1.56.jar;C:\Users\sunilkumar.a\.m2\repository\org\bouncycastle\bcpkix-jdk15on\1.56\bcpkix-jdk15on-1.56.jar;C:\Users\sunilkumar.a\.m2\repository\net\lightbody\bmp\mitm\2.1.4\mitm-2.1.4.jar;C:\Users\sunilkumar.a\.m2\repository\com\browserstack\browserstack-local-java\1.0.2\browserstack-local-java-1.0.2.jar;C:\Users\sunilkumar.a\.m2\repository\org\json\json\20160212\json-20160212.jar;C:\Users\sunilkumar.a\.m2\repository\com\opera\operadriver\1.5\operadriver-1.5.jar;C:\Users\sunilkumar.a\.m2\repository\com\opera\operalaunchers\1.1\operalaunchers-1.1.jar;C:\Users\sunilkumar.a\.m2\repository\com\google\protobuf\protobuf-java\2.4.1\protobuf-java-2.4.1.jar;C:\Users\sunilkumar.a\.m2\repository\commons-jxpath\commons-jxpath\1.3\commons-jxpath-1.3.jar;C:\Users\sunilkumar.a\.m2\repository\org\ini4j\ini4j\0.5.2\ini4j-0.5.2.jar;C:\Users\sunilkumar.a\.m2\repository\org\apache\commons\commons-exec\1.3\commons-exec-1.3.jar;C:\Users\sunilkumar.a\.m2\repository\ru\yandex\qatools\ashot\ashot\1.5.4\ashot-1.5.4.jar;C:\Users\sunilkumar.a\.m2\repository\org\hamcrest\hamcrest-core\1.3\hamcrest-core-1.3.jar;C:\Users\sunilkumar.a\.m2\repository\org\seleniumhq\selenium\selenium-htmlunit-driver\2.52.0\selenium-htmlunit-driver-2.52.0.jar;C:\Users\sunilkumar.a\.m2\repository\commons-collections\commons-collections\3.2.2\commons-collections-3.2.2.jar;C:\Users\sunilkumar.a\.m2\repository\io\github\bonigarcia\webdrivermanager\1.5.0\webdrivermanager-1.5.0.jar;C:\Users\sunilkumar.a\.m2\repository\com\typesafe\config\1.2.1\config-1.2.1.jar;C:\Users\sunilkumar.a\.m2\repository\org\rauschig\jarchivelib\0.7.1\jarchivelib-0.7.1.jar;C:\Users\sunilkumar.a\.m2\repository\org\apache\commons\commons-compress\1.9\commons-compress-1.9.jar;C:\Users\sunilkumar.a\.m2\repository\org\jsoup\jsoup\1.9.2\jsoup-1.9.2.jar;C:\Users\sunilkumar.a\.m2\repository\commons-logging\commons-logging\1.2\commons-logging-1.2.jar;C:\Users\sunilkumar.a\.m2\repository\org\testng\testng\6.14.3\testng-6.14.3.jar;C:\Users\sunilkumar.a\.m2\repository\org\apache-extras\beanshell\bsh\2.0b6\bsh-2.0b6.jar;C:\Users\sunilkumar.a\.m2\repository\com\relevantcodes\extentreports\2.41.2\extentreports-2.41.2.jar;C:\Users\sunilkumar.a\.m2\repository\org\xerial\sqlite-jdbc\3.8.11.1\sqlite-jdbc-3.8.11.1.jar;C:\Users\sunilkumar.a\.m2\repository\org\freemarker\freemarker\2.3.23\freemarker-2.3.23.jar;C:\Users\sunilkumar.a\.m2\repository\org\mongodb\mongodb-driver\3.0.4\mongodb-driver-3.0.4.jar;C:\Users\sunilkumar.a\.m2\repository\org\mongodb\bson\3.0.4\bson-3.0.4.jar;C:\Users\sunilkumar.a\.m2\repository\org\mongodb\mongodb-driver-core\3.0.4\mongodb-driver-core-3.0.4.jar;C:\Users\sunilkumar.a\.m2\repository\com\beust\jcommander\1.48\jcommander-1.48.jar;C:\Users\sunilkumar.a\.m2\repository\net\sourceforge\csvjdbc\csvjdbc\1.0.28\csvjdbc-1.0.28.jar;C:\Users\sunilkumar.a\.m2\repository\org\seleniumhq\selenium\selenium-firefox-driver\3.13.0\selenium-firefox-driver-3.13.0.jar;C:\Users\sunilkumar.a\.m2\repository\org\seleniumhq\selenium\selenium-edge-driver\3.6.0\selenium-edge-driver-3.6.0.jar;C:\Users\sunilkumar.a\.m2\repository\net\java\dev\jna\jna\4.1.0\jna-4.1.0.jar;C:\Users\sunilkumar.a\.m2\repository\net\java\dev\jna\jna-platform\4.1.0\jna-platform-4.1.0.jar;C:\Users\sunilkumar.a\.m2\repository\org\seleniumhq\selenium\selenium-ie-driver\3.11.0\selenium-ie-driver-3.11.0.jar;C:\Users\sunilkumar.a\.m2\repository\org\seleniumhq\selenium\selenium-chrome-driver\3.13.0\selenium-chrome-driver-3.13.0.jar;C:\Users\sunilkumar.a\.m2\repository\log4j\log4j\1.2.17\log4j-1.2.17.jar;C:\Users\sunilkumar.a\.m2\repository\org\uncommons\reportng\1.1.4\reportng-1.1.4.jar;C:\Users\sunilkumar.a\.m2\repository\velocity\velocity\1.4\velocity-1.4.jar;C:\Users\sunilkumar.a\.m2\repository\velocity\velocity-dep\1.4\velocity-dep-1.4.jar;C:\Users\sunilkumar.a\.m2\repository\com\google\inject\guice\4.1.0\guice-4.1.0.jar;C:\Users\sunilkumar.a\.m2\repository\javax\inject\javax.inject\1\javax.inject-1.jar;C:\Users\sunilkumar.a\.m2\repository\aopalliance\aopalliance\1.0\aopalliance-1.0.jar;C:\Users\sunilkumar.a\.m2\repository\com\googlecode\json-simple\json-simple\1.1\json-simple-1.1.jar;C:\Users\sunilkumar.a\.m2\repository\net\sourceforge\jexcelapi\jxl\2.6.12\jxl-2.6.12.jar;C:\Users\sunilkumar.a\.m2\repository\com\jcraft\jsch\0.1.44-1\jsch-0.1.44-1.jar;C:\Users\sunilkumar.a\.m2\repository\mysql\mysql-connector-java\6.0.5\mysql-connector-java-6.0.5.jar;C:\Users\sunilkumar.a\.m2\repository\org\apache\poi\poi\3.16\poi-3.16.jar;C:\Users\sunilkumar.a\.m2\repository\org\apache\commons\commons-collections4\4.1\commons-collections4-4.1.jar;C:\Users\sunilkumar.a\.m2\repository\org\apache\poi\poi-ooxml\3.15\poi-ooxml-3.15.jar;C:\Users\sunilkumar.a\.m2\repository\org\apache\poi\poi-ooxml-schemas\3.15\poi-ooxml-schemas-3.15.jar;C:\Users\sunilkumar.a\.m2\repository\org\apache\xmlbeans\xmlbeans\2.6.0\xmlbeans-2.6.0.jar;C:\Users\sunilkumar.a\.m2\repository\stax\stax-api\1.0.1\stax-api-1.0.1.jar;C:\Users\sunilkumar.a\.m2\repository\com\github\virtuald\curvesapi\1.04\curvesapi-1.04.jar;C:\Users\sunilkumar.a\.m2\repository\com\codoid\products\fillo\1.15\fillo-1.15.jar;C:\Users\sunilkumar.a\.m2\repository\org\apache\maven\surefire\surefire-testng-utils\2.21.0\surefire-testng-utils-2.21.0.jar;C:\Users\sunilkumar.a\.m2\repository\org\apache\maven\surefire\surefire-grouper\2.21.0\surefire-grouper-2.21.0.jar;"/>
    <property name="sun.cpu.endian" value="little"/>
    <property name="user.home" value="C:\Users\sunilkumar.a"/>
    <property name="user.language" value="en"/>
    <property name="java.specification.vendor" value="Oracle Corporation"/>
    <property name="java.home" value="C:\Program Files\Java\jdk1.8.0_211\jre"/>
    <property name="basedir" value="E:\Sunnet_svn\trunk\test\SunnetiTOA"/>
    <property name="file.separator" value="\"/>
    <property name="line.separator" value="&#10;"/>
    <property name="java.vm.specification.vendor" value="Oracle Corporation"/>
    <property name="java.specification.name" value="Java Platform API Specification"/>
    <property name="java.awt.graphicsenv" value="sun.awt.Win32GraphicsEnvironment"/>
    <property name="surefire.real.class.path" value="C:\Users\SUNILK~1.A\AppData\Local\Temp\surefire3993227460530032025\surefirebooter7421488028689839174.jar"/>
    <property name="sun.boot.class.path" value="C:\Program Files\Java\jdk1.8.0_211\jre\lib\resources.jar;C:\Program Files\Java\jdk1.8.0_211\jre\lib\rt.jar;C:\Program Files\Java\jdk1.8.0_211\jre\lib\sunrsasign.jar;C:\Program Files\Java\jdk1.8.0_211\jre\lib\jsse.jar;C:\Program Files\Java\jdk1.8.0_211\jre\lib\jce.jar;C:\Program Files\Java\jdk1.8.0_211\jre\lib\charsets.jar;C:\Program Files\Java\jdk1.8.0_211\jre\lib\jfr.jar;C:\Program Files\Java\jdk1.8.0_211\jre\classes"/>
    <property name="user.script" value=""/>
    <property name="sun.management.compiler" value="HotSpot 64-Bit Tiered Compilers"/>
    <property name="java.runtime.version" value="1.8.0_211-b12"/>
    <property name="user.name" value="sunilkumar.a"/>
    <property name="path.separator" value=";"/>
    <property name="os.version" value="10.0"/>
    <property name="java.endorsed.dirs" value="C:\Program Files\Java\jdk1.8.0_211\jre\lib\endorsed"/>
    <property name="java.runtime.name" value="Java(TM) SE Runtime Environment"/>
    <property name="file.encoding" value="Cp1252"/>
    <property name="java.vm.name" value="Java HotSpot(TM) 64-Bit Server VM"/>
    <property name="localRepository" value="C:\Users\sunilkumar.a\.m2\repository"/>
    <property name="java.vendor.url.bug" value="http://bugreport.sun.com/bugreport/"/>
    <property name="java.io.tmpdir" value="C:\Users\SUNILK~1.A\AppData\Local\Temp\"/>
    <property name="java.version" value="1.8.0_211"/>
    <property name="user.dir" value="E:\Sunnet_svn\trunk\test\SunnetiTOA"/>
    <property name="os.arch" value="amd64"/>
    <property name="java.vm.specification.name" value="Java Virtual Machine Specification"/>
    <property name="java.awt.printerjob" value="sun.awt.windows.WPrinterJob"/>
    <property name="sun.os.patch.level" value=""/>
    <property name="java.library.path" value="C:\Program Files\Java\jdk1.8.0_211\jre\bin;C:\Windows\Sun\Java\bin;C:\Windows\system32;C:\Windows;C:/Program Files/Java/jre1.8.0_211/bin/server;C:/Program Files/Java/jre1.8.0_211/bin;C:/Program Files/Java/jre1.8.0_211/lib/amd64;C:\Program Files (x86)\Common Files\Oracle\Java\javapath;C:\Windows\system32;C:\Windows;C:\Windows\System32\Wbem;C:\Windows\System32\WindowsPowerShell\v1.0\;C:\Windows\System32\OpenSSH\;C:\Program Files\TortoiseSVN\bin;%JAVA_HOME%\bin;C:\Program Files (x86)\Microsoft SQL Server\110\Tools\Binn\;C:\Program Files\Microsoft SQL Server\110\Tools\Binn\;C:\Program Files\Microsoft SQL Server\110\DTS\Binn\;C:\Program Files (x86)\Microsoft SQL Server\110\Tools\Binn\ManagementStudio\;C:\Program Files (x86)\Microsoft Visual Studio 10.0\Common7\IDE\PrivateAssemblies\;C:\Program Files (x86)\Microsoft SQL Server\110\DTS\Binn\;C:\Users\sunilkumar.a\AppData\Local\Microsoft\WindowsApps;C:\Users\sunilkumar.a\AppData\Local\GitHubDesktop\bin;C:\Windows\System32;;."/>
    <property name="java.vm.info" value="mixed mode"/>
    <property name="java.vendor" value="Oracle Corporation"/>
    <property name="java.vm.version" value="25.211-b12"/>
    <property name="java.ext.dirs" value="C:\Program Files\Java\jdk1.8.0_211\jre\lib\ext;C:\Windows\Sun\Java\lib\ext"/>
    <property name="sun.io.unicode.encoding" value="UnicodeLittle"/>
    <property name="java.class.version" value="52.0"/>
  </properties>
  <testcase name="tRun" classname="com.sunnet.TestRunner.TestRunner" time="579.684"/>
</testsuite>