<?xml version="1.0" encoding="UTF-8"?>
<!-- Generated by org.testng.reporters.JUnitReportReporter -->
<testsuite hostname="ANBHD1002" failures="0" tests="4" name="com.hana.marketing.Test.TCAmenitiesDallas" time="143.561" errors="0" timestamp="21 May 2019 11:23:36 GMT" skipped="0">
  <testcase classname="com.hana.marketing.Test.TCAmenitiesDallas" name="TC_VerifyDetails_Amenities" time="25.687"/>
  <testcase classname="com.hana.marketing.Test.TCAmenitiesDallas" name="TC_VerifyTeam_Amenities" time="46.714"/>
  <testcase classname="com.hana.marketing.Test.TCAmenitiesDallas" name="TC_VerifyMeet_Amenities" time="32.612"/>
  <testcase classname="com.hana.marketing.Test.TCAmenitiesDallas" name="TC_VerifyShare_Amenities" time="38.548"/>
</testsuite> <!-- com.hana.marketing.Test.TCAmenitiesDallas -->
