<?xml version="1.0" encoding="UTF-8"?>
<!-- Generated by org.testng.reporters.JUnitReportReporter -->
<testsuite skipped="0" hostname="ANBHL054" name="com.hana.marketing.TestRunner.TestRunner" tests="1" failures="0" timestamp="11 Jun 2019 09:29:10 GMT" time="0.172" errors="0">
  <testcase name="tRun" time="0.172" classname="com.hana.marketing.TestRunner.TestRunner"/>
</testsuite> <!-- com.hana.marketing.TestRunner.TestRunner -->
