<?xml version="1.0" encoding="UTF-8"?>
<!-- Generated by org.testng.reporters.JUnitReportReporter -->
<testsuite skipped="0" hostname="DESKTOP-7IGT6CB" name="com.sunnet.Test.database" tests="1" failures="0" timestamp="25 Sep 2019 06:08:35 GMT" time="0.308" errors="0">
  <testcase name="databasequeries" time="0.308" classname="com.sunnet.Test.database"/>
</testsuite> <!-- com.sunnet.Test.database -->
