<?xml version="1.0" encoding="UTF-8"?>
<!-- Generated by org.testng.reporters.JUnitReportReporter -->
<testsuite skipped="0" hostname="DESKTOP-7IGT6CB" name="com.sunnet.TestRunner.TestRunner" tests="1" failures="0" timestamp="27 Sep 2019 09:35:24 GMT" time="39.075" errors="0">
  <testcase name="tRun" time="39.075" classname="com.sunnet.TestRunner.TestRunner"/>
</testsuite> <!-- com.sunnet.TestRunner.TestRunner -->
