<?xml version="1.0" encoding="UTF-8"?>
<!-- Generated by org.testng.reporters.JUnitReportReporter -->
<testsuite skipped="0" hostname="DESKTOP-7IGT6CB" name="com.sunnet.TestRunner.TestRunner" tests="1" failures="0" timestamp="24 Oct 2019 16:17:11 GMT" time="579.684" errors="0">
  <testcase name="tRun" time="579.684" classname="com.sunnet.TestRunner.TestRunner"/>
</testsuite> <!-- com.sunnet.TestRunner.TestRunner -->
